[debug] [2023-02-07T16:08:26.408Z] ----------------------------------------------------------------------
[debug] [2023-02-07T16:08:26.409Z] Command:       /usr/local/bin/node /Users/zo/.npm-global/bin/firebase init
[debug] [2023-02-07T16:08:26.409Z] CLI Version:   11.22.0
[debug] [2023-02-07T16:08:26.409Z] Platform:      darwin
[debug] [2023-02-07T16:08:26.409Z] Node Version:  v18.12.1
[debug] [2023-02-07T16:08:26.410Z] Time:          Tue Feb 07 2023 10:08:26 GMT-0600 (Central Standard Time)
[debug] [2023-02-07T16:08:26.410Z] ----------------------------------------------------------------------
[debug] 
[debug] [2023-02-07T16:08:26.436Z] > command requires scopes: ["email","openid","https://www.googleapis.com/auth/cloudplatformprojects.readonly","https://www.googleapis.com/auth/firebase","https://www.googleapis.com/auth/cloud-platform"]
[debug] [2023-02-07T16:08:26.437Z] > authorizing via signed-in user (zohayb1996@gmail.com)
[info] 
     ######## #### ########  ######## ########     ###     ######  ########
     ##        ##  ##     ## ##       ##     ##  ##   ##  ##       ##
     ######    ##  ########  ######   ########  #########  ######  ######
     ##        ##  ##    ##  ##       ##     ## ##     ##       ## ##
     ##       #### ##     ## ######## ########  ##     ##  ######  ########

You're about to initialize a Firebase project in this directory:

  /Users/zo/Desktop/zohaybshaikh-master

Before we get started, keep in mind:

  * You are initializing within an existing Firebase project directory

[info] 
=== Project Setup
[info] 
[info] First, let's associate this project directory with a Firebase project.
[info] You can create multiple project aliases by running firebase use --add, 
[info] but for now we'll just set up a default project.
[info] 
[debug] [2023-02-07T16:08:32.122Z] Using project from CLI flag: zohaybshaikh-59a98
[debug] [2023-02-07T16:08:32.125Z] >>> [apiv2][query] GET https://firebase.googleapis.com/v1beta1/projects/zohaybshaikh-59a98 [none]
[debug] [2023-02-07T16:09:02.134Z] Timeout reached making request to https://firebase.googleapis.com/v1beta1/projects/zohaybshaikh-59a98
